TN:
SF:internal\repo\db.go
DA:18,2
DA:19,2
DA:20,4
DA:21,3
DA:22,1
DA:23,1
DA:26,1
DA:27,1
DA:28,0
DA:29,0
DA:32,1
DA:33,1
DA:34,1
DA:35,1
DA:36,1
DA:37,1
DA:38,2
DA:39,1
DA:40,1
DA:41,1
DA:42,1
DA:43,1
DA:45,1
DA:49,1
DA:50,1
DA:51,1
DA:52,1
DA:53,1
DA:54,1
DA:55,1
DA:56,1
LF:31
LH:29
end_of_record
TN:
SF:docs\docs.go
DA:674,0
DA:675,0
DA:676,0
LF:3
LH:0
end_of_record
TN:
SF:internal\domain\models.go
DA:32,62
DA:63,47
DA:91,29
LF:3
LH:3
end_of_record
TN:
SF:internal\http\handlers\message_handler.go
DA:68,5
DA:69,5
DA:70,5
DA:71,5
DA:72,5
DA:73,5
DA:74,5
DA:75,6
DA:76,1
DA:77,1
DA:78,5
DA:79,6
DA:80,1
DA:81,1
DA:82,6
DA:83,1
DA:84,1
DA:85,5
DA:95,10
DA:96,10
DA:97,10
DA:98,10
DA:99,10
DA:100,10
DA:104,11
DA:105,11
DA:106,16
DA:107,9
DA:108,4
DA:109,4
DA:111,7
DA:137,10
DA:138,10
DA:139,10
DA:140,10
DA:141,10
DA:142,11
DA:143,1
DA:144,1
DA:145,1
DA:147,9
DA:148,10
DA:149,1
DA:150,1
DA:151,1
DA:154,8
DA:155,8
DA:156,9
DA:157,1
DA:158,1
DA:159,1
DA:160,8
DA:161,1
DA:162,1
DA:163,1
DA:165,6
DA:166,6
DA:167,6
DA:168,6
DA:169,8
DA:170,4
DA:171,3
DA:172,2
DA:173,1
DA:174,1
DA:175,1
DA:176,1
DA:182,5
DA:183,9
DA:184,4
DA:185,1
DA:186,1
DA:187,1
DA:188,1
DA:189,1
DA:190,1
DA:191,1
DA:192,1
DA:194,4
DA:198,2
DA:199,2
DA:200,1
DA:201,1
DA:202,1
DA:205,1
DA:224,5
DA:225,5
DA:226,5
DA:227,5
DA:228,6
DA:229,1
DA:230,1
DA:231,1
DA:234,4
DA:235,5
DA:236,1
DA:237,1
DA:238,5
DA:239,1
DA:240,2
DA:241,1
DA:242,2
DA:243,1
DA:244,1
DA:245,1
DA:246,1
DA:247,2
DA:248,1
DA:249,1
DA:250,1
DA:254,3
DA:255,3
DA:256,3
DA:257,5
DA:258,2
DA:259,1
DA:260,1
DA:261,1
DA:262,1
DA:264,2
DA:267,1
DA:268,1
DA:269,1
DA:270,1
DA:271,1
DA:272,1
DA:273,1
DA:274,1
DA:275,1
DA:276,1
DA:277,1
DA:283,8
DA:284,11
DA:285,3
DA:286,3
DA:287,5
LF:136
LH:136
end_of_record
TN:
SF:internal\http\middleware\ratelimit.go
DA:43,10
DA:44,22
DA:45,13
DA:46,2
DA:47,1
DA:48,1
DA:50,11
DA:87,8
DA:88,9
DA:89,1
DA:90,1
DA:91,8
DA:92,8
DA:93,8
DA:94,8
DA:95,8
DA:96,8
DA:97,8
DA:105,13
DA:106,13
DA:107,13
DA:108,13
DA:109,13
DA:110,13
DA:111,13
DA:112,13
DA:113,14
DA:114,2
DA:115,1
DA:116,2
DA:117,1
DA:118,1
DA:120,1
DA:124,18
DA:125,5
DA:126,5
DA:127,5
DA:128,5
DA:129,5
DA:131,8
DA:132,8
DA:133,8
DA:134,8
DA:142,17
DA:143,17
DA:144,30
DA:145,13
DA:146,13
DA:147,4
DA:148,4
DA:167,7
DA:168,18
DA:169,12
DA:170,1
DA:171,1
DA:172,1
DA:174,10
DA:175,10
DA:176,10
DA:177,19
DA:178,9
DA:179,9
DA:180,9
DA:182,1
DA:183,1
DA:184,1
DA:185,1
DA:186,1
DA:187,1
LF:69
LH:69
end_of_record
TN:
SF:internal\observability\otel.go
DA:24,6
DA:25,6
DA:26,6
DA:28,5
DA:29,5
DA:30,5
DA:31,5
DA:32,5
DA:33,5
DA:34,5
DA:35,5
DA:36,5
DA:42,8
DA:43,9
DA:44,2
DA:48,7
DA:49,7
DA:50,7
DA:51,13
DA:52,6
DA:53,7
DA:54,1
DA:55,1
DA:56,1
DA:59,7
DA:60,7
DA:61,8
DA:62,1
DA:63,1
DA:66,6
DA:67,7
DA:68,1
DA:69,1
DA:72,5
DA:73,5
DA:74,5
DA:75,5
DA:76,5
DA:77,5
DA:78,5
DA:79,5
DA:80,5
DA:81,5
DA:82,5
DA:83,5
DA:84,5
DA:85,5
LF:47
LH:47
end_of_record
TN:
SF:internal\repo\feedback_repo.go
DA:49,4
DA:50,4
DA:51,4
DA:52,4
DA:53,4
DA:54,4
DA:55,4
DA:56,4
DA:57,4
DA:58,4
LF:10
LH:10
end_of_record
TN:
SF:internal\sysutil\sysutil.go
DA:11,10
DA:12,10
DA:13,2
DA:14,2
DA:15,2
DA:16,2
DA:17,2
DA:18,2
DA:19,1
DA:20,1
DA:21,1
DA:22,1
DA:23,1
DA:24,1
DA:25,1
DA:26,1
DA:32,15
DA:33,15
DA:34,7
DA:35,7
DA:36,8
DA:37,8
DA:43,4
DA:44,10
DA:45,8
DA:46,2
DA:47,2
DA:49,2
LF:28
LH:28
end_of_record
TN:
SF:internal\http\middleware\idempotency.go
DA:45,4
DA:46,4
DA:47,6
DA:48,2
DA:49,2
DA:50,2
DA:51,2
DA:59,6
DA:60,6
DA:61,9
DA:62,3
DA:63,3
DA:64,3
DA:65,3
DA:103,11
DA:104,11
DA:105,11
DA:106,16
DA:107,5
DA:108,5
DA:109,11
DA:110,21
DA:111,10
DA:112,10
DA:113,10
DA:115,25
DA:116,14
DA:117,20
DA:118,6
DA:119,6
DA:120,6
DA:121,6
DA:122,10
DA:123,2
DA:124,2
DA:125,2
DA:126,2
DA:127,2
DA:128,2
DA:131,6
DA:132,6
DA:133,6
DA:134,11
DA:135,5
DA:136,5
DA:137,5
DA:138,5
DA:139,6
DA:140,1
DA:141,1
DA:142,1
DA:145,6
DA:152,8
DA:153,11
DA:154,5
DA:155,2
DA:156,2
DA:158,6
LF:58
LH:58
end_of_record
TN:
SF:internal\utils\pagination.go
DA:17,29
DA:18,40
DA:19,11
DA:20,11
DA:21,33
DA:22,15
DA:23,15
DA:24,3
LF:8
LH:8
end_of_record
TN:
SF:internal\services\message_service.go
DA:65,7
DA:66,7
DA:67,7
DA:68,7
DA:69,7
DA:70,7
DA:71,7
DA:72,7
DA:73,7
DA:74,7
DA:75,7
DA:76,7
DA:77,8
DA:78,1
DA:79,1
DA:80,7
DA:81,1
DA:82,1
DA:85,5
DA:86,6
DA:87,1
DA:88,1
DA:91,4
DA:92,4
DA:93,4
DA:94,4
DA:95,8
DA:96,4
DA:97,0
DA:98,0
DA:99,4
DA:100,4
DA:101,0
DA:102,0
DA:103,4
DA:104,4
DA:105,4
DA:106,6
DA:107,2
DA:108,4
DA:109,2
DA:110,3
DA:111,1
DA:112,1
DA:115,4
DA:117,4
DA:118,0
DA:119,0
DA:122,5
DA:123,1
DA:124,1
DA:125,1
DA:127,4
DA:131,5
DA:132,5
DA:133,5
DA:134,5
DA:135,5
DA:136,5
DA:137,5
DA:138,5
DA:139,5
DA:140,5
DA:141,5
DA:142,7
DA:143,2
DA:144,2
DA:145,7
DA:146,2
DA:147,2
DA:148,5
DA:149,5
DA:150,5
DA:151,5
DA:152,6
DA:153,1
DA:154,1
DA:155,5
DA:156,1
DA:157,1
DA:159,3
DA:160,4
DA:161,1
DA:162,1
DA:163,3
DA:164,1
DA:165,1
DA:167,1
DA:168,1
DA:182,14
DA:183,14
DA:184,14
DA:185,14
DA:186,14
DA:187,14
DA:188,14
DA:189,16
DA:190,2
DA:191,2
DA:194,12
DA:195,12
DA:196,13
DA:197,2
DA:198,1
DA:199,1
DA:201,13
DA:202,1
DA:203,1
DA:206,11
DA:207,11
DA:208,11
DA:209,11
DA:210,11
DA:211,11
DA:212,11
DA:213,11
DA:214,11
DA:215,11
DA:216,11
DA:217,11
DA:218,11
DA:219,11
DA:220,11
DA:221,11
DA:222,58
DA:223,53
DA:224,6
DA:226,62
DA:227,21
DA:228,0
DA:230,21
DA:234,11
DA:235,0
DA:236,0
DA:237,0
DA:238,0
DA:240,0
DA:245,58
DA:246,73
DA:247,26
DA:248,26
DA:251,11
DA:252,22
DA:253,11
DA:254,11
DA:255,19
DA:256,17
DA:257,15
DA:258,6
DA:259,6
DA:261,2
DA:266,11
DA:267,11
DA:268,11
DA:269,46
DA:270,54
DA:271,19
DA:272,19
DA:276,11
DA:277,35
DA:278,24
DA:279,48
DA:280,24
DA:281,24
DA:283,47
DA:284,36
DA:285,36
DA:286,44
DA:287,8
DA:288,8
DA:290,48
DA:291,12
DA:292,23
DA:293,11
DA:294,15
DA:295,4
DA:296,4
DA:302,58
DA:303,57
DA:304,10
DA:305,10
DA:309,23
DA:310,12
DA:311,13
DA:312,1
DA:313,1
DA:314,11
DA:315,46
DA:316,62
DA:317,27
DA:318,27
DA:320,11
DA:324,11
DA:325,11
DA:326,8
DA:327,8
DA:328,2
DA:329,2
DA:330,1
DA:331,1
DA:336,11
DA:337,25
DA:338,25
DA:339,11
DA:340,11
DA:342,11
DA:343,0
DA:344,0
DA:346,11
DA:347,11
DA:348,11
DA:349,11
DA:350,11
DA:351,11
DA:352,11
DA:353,11
DA:354,11
DA:355,11
DA:356,11
DA:357,11
DA:358,11
DA:359,25
DA:360,14
DA:361,14
DA:362,0
DA:364,14
DA:365,14
DA:366,14
DA:367,14
DA:368,14
DA:369,14
DA:370,14
DA:371,16
DA:372,2
DA:376,12
DA:377,12
DA:378,21
DA:379,9
DA:380,11
DA:381,2
DA:383,5
DA:384,2
DA:385,3
DA:386,1
DA:388,1
DA:389,1
DA:390,2
DA:391,1
DA:396,14
DA:397,6
DA:398,6
DA:400,8
DA:401,8
DA:402,8
DA:403,8
DA:404,8
DA:405,8
DA:406,8
DA:410,16
DA:411,5
DA:412,5
DA:415,8
DA:417,6
DA:418,6
DA:419,6
DA:420,6
DA:421,7
DA:422,1
DA:423,1
DA:424,7
DA:425,1
DA:426,1
DA:429,5
DA:430,6
DA:431,1
DA:432,5
DA:433,4
DA:434,0
DA:435,0
DA:438,2
DA:439,1
DA:440,1
DA:443,5
DA:444,5
DA:448,8
DA:449,8
DA:450,8
DA:451,8
DA:454,6
DA:455,6
DA:456,7
DA:457,1
DA:458,1
DA:459,5
DA:460,6
DA:461,1
DA:462,1
DA:464,4
DA:465,4
DA:466,4
DA:467,33
DA:468,42
DA:469,13
DA:471,16
DA:472,16
DA:473,0
DA:476,5
DA:477,1
DA:478,1
DA:479,3
DA:483,4
DA:484,4
DA:485,5
DA:486,1
DA:487,1
DA:488,7
DA:489,3
DA:490,3
DA:491,1
DA:495,6
DA:496,11
DA:497,5
DA:498,5
DA:499,1
DA:529,4
DA:530,4
DA:531,5
DA:532,1
DA:533,1
DA:534,3
DA:535,25
DA:536,36
DA:537,14
DA:539,8
DA:541,4
DA:542,1
DA:543,1
DA:544,1
DA:545,2
DA:558,16
DA:559,17
DA:560,1
DA:561,1
DA:563,15
DA:564,15
DA:565,15
DA:566,15
DA:567,35
DA:568,20
DA:569,20
DA:570,20
DA:571,22
DA:572,2
DA:573,2
DA:574,2
DA:575,2
DA:576,4
DA:577,2
DA:578,2
DA:579,2
DA:580,2
DA:581,6
DA:582,4
DA:583,4
DA:584,2
DA:585,4
DA:586,2
DA:587,2
DA:588,2
DA:590,2
DA:594,33
DA:595,15
DA:596,15
DA:597,18
DA:600,15
DA:605,7
DA:606,8
DA:607,1
DA:608,1
DA:609,6
DA:610,6
DA:611,6
DA:612,17
DA:613,11
DA:614,13
DA:615,2
DA:617,9
DA:619,6
DA:637,12
DA:638,12
DA:639,12
DA:640,12
DA:641,12
DA:642,67
DA:643,62
DA:644,7
DA:646,48
DA:649,12
DA:650,12
DA:651,12
DA:652,13
DA:653,5
DA:654,5
DA:655,1
DA:656,2
DA:657,1
DA:658,1
DA:664,67
DA:665,55
DA:666,62
DA:667,7
DA:669,89
DA:670,41
DA:671,41
DA:674,12
DA:675,54
DA:676,42
DA:677,42
DA:678,12
DA:679,12
DA:680,12
DA:681,12
DA:682,12
DA:685,88
DA:686,88
DA:687,576
DA:688,504
DA:689,16
DA:690,489
DA:691,1
DA:692,1
DA:694,87
DA:697,223
DA:698,223
DA:699,224
DA:700,1
DA:701,1
DA:702,222
DA:707,18
DA:708,19
DA:709,1
DA:710,1
DA:711,17
DA:712,17
DA:713,119
DA:714,102
DA:715,102
DA:717,17
DA:718,82
DA:719,119
DA:720,54
DA:721,54
DA:723,17
DA:724,17
DA:725,0
DA:726,0
DA:727,17
DA:728,17
DA:729,17
DA:730,17
DA:731,78
DA:732,61
DA:733,0
DA:735,116
DA:736,55
DA:737,55
DA:739,24
DA:740,7
DA:741,7
DA:742,17
DA:743,19
DA:744,2
DA:745,2
DA:746,17
LF:474
LH:453
end_of_record
TN:
SF:internal\http\handlers\response.go
DA:63,30
DA:64,30
DA:65,30
DA:66,30
DA:67,30
DA:68,30
DA:69,30
DA:70,30
DA:71,30
DA:72,36
DA:73,6
DA:74,6
DA:75,6
DA:76,6
DA:77,6
DA:78,6
DA:79,6
DA:81,30
DA:88,6
DA:93,7
DA:94,7
DA:95,7
DA:100,3
DA:101,3
DA:102,3
LF:25
LH:25
end_of_record
TN:
SF:internal\repo\idempotency.go
DA:23,10
DA:24,14
DA:25,4
DA:26,4
DA:27,6
DA:28,6
DA:29,6
DA:30,6
DA:31,9
DA:32,3
DA:33,3
DA:34,3
DA:38,5
DA:39,5
DA:40,5
DA:41,5
DA:42,5
DA:43,5
DA:44,5
DA:45,5
DA:46,5
DA:47,5
DA:48,5
DA:49,5
DA:50,7
DA:51,2
DA:52,2
DA:53,2
DA:54,2
DA:55,3
DA:56,1
DA:57,1
DA:58,1
DA:60,3
LF:34
LH:34
end_of_record
TN:
SF:internal\repo\stats.go
DA:28,8
DA:29,8
DA:30,8
DA:31,8
DA:32,9
DA:33,1
DA:34,1
DA:35,9
DA:36,2
DA:37,2
DA:40,5
DA:41,5
DA:42,5
DA:43,6
DA:44,1
DA:45,1
DA:46,4
DA:60,6
DA:61,6
DA:62,6
DA:63,6
DA:64,7
DA:65,1
DA:66,1
DA:67,6
DA:68,1
DA:69,1
DA:72,4
DA:73,4
DA:74,4
DA:75,5
DA:76,1
DA:77,1
DA:78,3
LF:34
LH:34
end_of_record
TN:
SF:internal\search\preprocess.go
DA:16,5
DA:17,5
DA:18,6
DA:19,1
DA:20,1
DA:22,4
DA:23,4
DA:24,0
DA:25,0
DA:26,4
DA:27,4
DA:28,4
DA:29,4
DA:30,4
DA:31,4
DA:32,4
DA:33,4
DA:34,4
DA:35,4
DA:36,13
DA:37,9
DA:38,11
DA:39,2
DA:40,2
DA:41,7
DA:42,7
DA:43,7
DA:44,7
DA:45,7
DA:48,19
DA:49,15
DA:50,20
DA:51,6
DA:52,1
DA:53,1
DA:54,1
DA:55,5
DA:59,16
DA:60,6
DA:61,6
DA:62,6
DA:63,6
DA:64,6
DA:65,6
DA:66,17
DA:67,11
DA:68,21
DA:69,10
DA:70,10
DA:71,11
DA:72,11
DA:73,19
DA:74,8
DA:75,8
DA:77,7
DA:78,1
DA:80,7
DA:81,2
DA:82,2
DA:84,3
DA:85,3
DA:89,4
DA:90,4
DA:92,5
DA:93,1
DA:94,1
DA:97,4
DA:98,1
DA:99,1
DA:101,2
DA:102,3
DA:103,1
DA:104,1
DA:105,1
DA:107,2
LF:75
LH:73
end_of_record
TN:
SF:internal\services\feedback_service.go
DA:55,10
DA:56,11
DA:57,1
DA:58,1
DA:60,18
DA:61,9
DA:62,9
DA:63,11
DA:64,2
DA:65,3
DA:66,1
DA:67,1
DA:68,1
DA:72,8
DA:73,1
DA:74,1
DA:75,1
DA:78,7
DA:79,1
DA:80,1
DA:83,5
DA:84,5
DA:85,5
DA:86,5
DA:87,5
DA:88,5
DA:89,5
DA:90,8
DA:91,3
DA:92,5
DA:93,2
DA:94,2
DA:95,1
DA:97,2
DA:103,3
DA:104,3
DA:105,4
DA:106,1
DA:107,1
DA:109,2
DA:114,5
DA:115,5
DA:116,5
DA:117,5
DA:118,5
DA:119,5
DA:120,5
LF:47
LH:47
end_of_record
TN:
SF:internal\http\router.go
DA:39,3
DA:40,3
DA:41,3
DA:44,1
DA:45,1
DA:46,1
DA:49,2
DA:50,2
DA:51,2
DA:54,1
DA:55,1
DA:56,1
DA:59,1
DA:60,1
DA:61,1
DA:64,1
DA:65,1
DA:66,1
DA:83,5
DA:84,5
DA:85,5
DA:86,5
DA:87,5
DA:88,5
DA:89,5
DA:90,5
DA:91,5
DA:92,5
DA:93,5
DA:94,5
DA:95,5
DA:96,5
DA:97,5
DA:98,5
DA:99,5
DA:100,5
DA:101,5
DA:102,5
DA:103,5
DA:104,5
DA:105,5
DA:106,5
DA:107,5
DA:108,5
DA:109,5
DA:110,5
DA:111,5
DA:112,5
DA:113,5
DA:114,8
DA:115,3
DA:116,6
DA:117,3
DA:118,3
DA:119,0
DA:124,5
DA:125,5
DA:126,5
DA:127,5
DA:128,9
DA:129,4
DA:130,11
DA:131,7
DA:132,7
DA:133,7
DA:134,4
DA:135,4
DA:136,4
DA:137,4
DA:138,4
DA:139,4
DA:140,4
DA:141,4
DA:142,1
DA:143,1
DA:144,1
DA:145,2
DA:146,1
DA:147,1
DA:148,2
DA:149,2
DA:150,2
DA:151,1
DA:152,1
DA:153,1
DA:154,1
DA:156,1
DA:158,1
DA:159,1
DA:160,1
DA:161,1
DA:162,1
DA:163,1
DA:164,1
DA:165,1
DA:169,5
DA:170,5
DA:171,5
DA:172,5
DA:173,5
DA:174,5
DA:175,5
DA:176,5
DA:177,6
DA:178,1
DA:179,1
DA:180,9
DA:181,4
DA:182,4
DA:185,8
DA:188,5
DA:189,5
DA:190,5
DA:191,5
DA:192,5
DA:193,5
DA:194,5
DA:195,5
DA:196,5
DA:197,5
DA:198,5
DA:199,5
DA:200,5
DA:201,5
DA:202,5
DA:203,5
DA:204,5
DA:205,10
DA:206,5
DA:207,5
DA:208,5
DA:209,5
DA:210,5
DA:211,5
DA:212,5
DA:213,5
DA:214,5
DA:215,5
DA:216,5
DA:217,5
DA:223,6
DA:224,16
DA:225,10
DA:226,10
DA:227,10
DA:231,8
DA:232,10
DA:233,2
DA:234,2
DA:235,6
LF:150
LH:149
end_of_record
TN:
SF:internal\repo\message_repo.go
DA:15,10
DA:16,10
DA:17,10
DA:18,10
DA:19,10
DA:20,10
DA:21,10
DA:22,10
DA:23,10
DA:24,10
DA:25,10
DA:28,3
DA:29,3
DA:30,3
DA:31,5
DA:32,2
DA:33,2
DA:34,3
DA:35,3
DA:39,6
DA:40,6
DA:41,6
DA:42,6
DA:43,6
DA:46,3
DA:47,3
DA:48,3
DA:49,3
DA:50,3
DA:51,3
DA:52,3
DA:53,3
DA:54,3
DA:55,3
DA:58,1
DA:59,1
DA:60,1
DA:61,1
DA:62,1
DA:63,1
DA:64,1
DA:65,1
DA:66,1
DA:69,13
DA:70,13
DA:71,16
DA:72,3
DA:73,3
DA:74,10
LF:49
LH:49
end_of_record
TN:
SF:internal\repo\chat_repo.go
DA:70,6
DA:71,6
DA:72,6
DA:73,6
DA:74,6
DA:75,6
DA:76,6
DA:77,7
DA:78,1
DA:79,1
DA:80,5
DA:86,2
DA:87,2
DA:88,2
DA:89,2
DA:90,2
DA:91,2
DA:92,2
DA:93,2
DA:97,5
DA:98,5
DA:99,5
DA:100,5
DA:101,5
DA:102,5
DA:103,5
DA:104,5
DA:111,3
DA:112,3
DA:113,3
DA:114,3
DA:115,3
DA:116,3
DA:117,3
DA:118,3
DA:119,3
DA:120,3
DA:125,16
DA:126,16
DA:127,16
DA:128,16
DA:129,16
DA:130,19
DA:131,3
DA:132,3
DA:133,13
DA:139,5
DA:140,5
DA:141,5
DA:142,5
DA:143,5
DA:144,6
DA:145,1
DA:146,1
DA:147,6
DA:148,2
DA:149,2
DA:150,2
LF:58
LH:58
end_of_record
TN:
SF:internal\domain\idempotency.go
DA:24,19
LF:1
LH:1
end_of_record
TN:
SF:internal\http\handlers\chat_handler.go
DA:81,34
DA:82,34
DA:83,34
DA:88,24
DA:89,26
DA:90,3
DA:91,1
DA:92,1
DA:94,44
DA:95,38
DA:96,17
DA:97,17
DA:99,6
DA:139,6
DA:140,6
DA:141,6
DA:142,6
DA:143,6
DA:144,6
DA:145,6
DA:146,7
DA:147,1
DA:148,1
DA:149,6
DA:150,7
DA:151,1
DA:152,1
DA:153,7
DA:154,1
DA:155,1
DA:156,6
DA:178,3
DA:179,3
DA:180,4
DA:181,1
DA:182,1
DA:183,1
DA:184,2
DA:185,2
DA:186,2
DA:187,3
DA:188,1
DA:189,1
DA:190,1
DA:191,1
DA:213,4
DA:214,4
DA:215,4
DA:216,4
DA:217,4
DA:218,4
DA:219,4
DA:220,7
DA:221,3
DA:222,3
DA:223,7
DA:224,3
DA:225,6
DA:226,3
DA:227,5
DA:228,2
DA:229,2
DA:230,3
DA:231,3
DA:232,4
DA:233,1
DA:234,1
DA:235,1
DA:240,3
DA:241,4
DA:242,1
DA:243,1
DA:244,1
DA:246,2
DA:247,2
DA:248,2
DA:249,2
DA:250,2
DA:251,2
DA:252,2
DA:253,2
DA:254,2
DA:255,2
DA:256,2
DA:257,2
DA:277,4
DA:278,4
DA:279,5
DA:280,1
DA:281,1
DA:282,1
DA:284,3
DA:285,4
DA:286,1
DA:287,1
DA:288,1
DA:290,3
DA:291,1
DA:292,1
DA:293,1
DA:295,1
LF:101
LH:101
end_of_record
TN:
SF:internal\http\handlers\feedback_handler.go
DA:53,7
DA:54,7
DA:55,8
DA:56,1
DA:57,1
DA:58,1
DA:61,6
DA:62,6
DA:63,6
DA:64,11
DA:65,5
DA:66,1
DA:67,1
DA:68,1
DA:69,1
DA:70,1
DA:71,1
DA:72,1
DA:73,1
DA:74,1
DA:75,1
DA:77,5
DA:80,1
LF:23
LH:23
end_of_record
TN:
SF:internal\http\middleware\metrics.go
DA:70,3
DA:71,3
DA:72,3
DA:94,6
DA:95,18
DA:96,12
DA:97,12
DA:98,12
DA:99,12
DA:100,12
DA:101,12
DA:102,12
DA:103,12
DA:104,18
DA:105,6
DA:106,6
DA:107,12
DA:108,12
DA:109,12
DA:110,12
DA:111,12
DA:112,12
DA:113,22
DA:114,10
DA:115,12
DA:116,2
DA:117,2
DA:118,2
LF:28
LH:28
end_of_record
TN:
SF:internal\http\middleware\redact_logger.go
DA:59,7
DA:60,7
DA:61,7
DA:62,7
DA:63,7
DA:64,7
DA:65,7
DA:66,7
DA:67,30
DA:68,34
DA:69,11
DA:70,11
DA:71,12
DA:72,12
DA:73,12
DA:74,12
DA:75,12
DA:76,12
DA:80,7
DA:81,7
DA:82,7
DA:83,7
DA:84,7
DA:85,13
DA:86,12
DA:87,6
DA:88,6
DA:91,19
DA:92,12
DA:93,12
DA:94,12
DA:95,12
DA:96,17
DA:97,5
DA:98,5
DA:99,12
DA:100,12
DA:101,12
DA:102,12
DA:103,12
DA:104,26
DA:105,14
DA:106,14
DA:107,17
DA:108,3
DA:109,3
DA:111,11
DA:114,12
DA:115,12
DA:116,12
DA:117,12
DA:118,12
DA:119,12
DA:120,12
DA:121,14
DA:122,2
DA:123,2
DA:126,12
DA:127,12
DA:128,1
DA:129,1
DA:130,6
DA:131,6
DA:134,12
DA:135,12
DA:136,12
DA:137,12
DA:138,12
DA:139,12
DA:140,12
DA:141,12
DA:142,12
DA:143,12
LF:73
LH:73
end_of_record
TN:
SF:cmd\server\main.go
DA:92,0
DA:93,0
DA:94,0
DA:95,0
DA:96,0
DA:97,0
DA:98,0
DA:99,0
DA:100,0
DA:101,0
DA:102,0
DA:103,0
DA:104,0
DA:105,0
DA:106,0
DA:107,0
DA:110,0
DA:111,0
DA:112,0
DA:113,0
DA:114,0
DA:115,0
DA:116,0
DA:120,0
DA:121,0
DA:122,0
DA:123,0
DA:124,0
DA:125,0
DA:126,0
DA:127,0
DA:128,0
DA:131,0
DA:132,0
DA:133,0
DA:134,0
DA:135,0
DA:136,0
DA:137,0
DA:138,0
DA:139,0
DA:140,0
DA:141,0
DA:142,0
DA:143,0
DA:147,0
DA:148,0
DA:149,0
DA:150,0
DA:151,0
DA:152,0
DA:153,0
DA:154,0
DA:155,0
DA:156,0
DA:158,0
DA:159,0
DA:160,0
DA:161,0
DA:162,0
DA:163,0
DA:164,0
DA:165,0
DA:168,0
DA:169,0
DA:170,0
DA:173,0
DA:174,0
DA:175,0
DA:176,0
DA:177,0
DA:178,0
DA:179,0
DA:180,0
DA:181,0
DA:182,0
DA:183,0
DA:187,0
DA:188,0
DA:189,0
DA:190,0
DA:191,0
DA:192,0
DA:195,0
DA:196,0
DA:197,0
DA:198,0
DA:199,0
DA:200,0
DA:201,0
DA:202,0
DA:203,0
DA:204,0
DA:205,0
DA:206,0
DA:207,0
DA:208,0
DA:209,0
DA:210,0
DA:211,0
DA:212,0
DA:213,0
DA:214,0
DA:215,0
DA:216,0
DA:217,0
DA:218,0
DA:222,0
DA:223,0
DA:224,0
DA:225,0
DA:226,0
DA:227,0
DA:228,0
DA:229,0
DA:230,0
DA:231,0
DA:232,0
DA:233,0
LF:119
LH:0
end_of_record
TN:
SF:internal\services\chat_service.go
DA:64,21
DA:65,21
DA:66,21
DA:67,21
DA:68,21
DA:69,21
DA:70,21
DA:71,21
DA:75,3
DA:76,3
DA:77,4
DA:78,1
DA:79,1
DA:80,3
DA:85,1
DA:86,1
DA:87,1
DA:91,6
DA:92,8
DA:93,2
DA:94,2
DA:95,8
DA:96,2
DA:97,2
DA:98,6
DA:99,6
DA:100,6
DA:101,7
DA:102,1
DA:103,1
DA:104,7
DA:105,2
DA:106,2
DA:108,3
DA:109,3
DA:114,4
DA:115,4
DA:116,5
DA:117,1
DA:118,1
DA:120,6
DA:121,3
DA:122,1
DA:123,1
DA:124,1
DA:126,2
DA:130,7
DA:131,10
DA:132,3
DA:133,3
DA:134,4
DA:138,14
DA:139,14
DA:140,14
DA:141,14
LF:55
LH:55
end_of_record
TN:
SF:internal\config\config.go
DA:73,2
DA:74,2
DA:75,3
DA:76,1
DA:78,1
DA:83,16
DA:84,16
DA:85,16
DA:86,16
DA:87,16
DA:88,16
DA:89,16
DA:90,16
DA:91,16
DA:92,16
DA:93,16
DA:94,16
DA:95,16
DA:96,16
DA:97,16
DA:98,16
DA:99,16
DA:100,16
DA:101,16
DA:102,16
DA:103,16
DA:104,16
DA:105,16
DA:106,16
DA:107,16
DA:108,16
DA:109,16
DA:110,16
DA:111,16
DA:112,16
DA:113,16
DA:114,16
DA:115,16
DA:116,16
DA:117,16
DA:118,16
DA:119,16
DA:120,16
DA:121,16
DA:122,16
DA:123,16
DA:124,16
DA:125,16
DA:126,16
DA:127,16
DA:128,16
DA:129,16
DA:130,16
DA:131,16
DA:132,16
DA:133,17
DA:134,1
DA:135,1
DA:136,16
DA:137,15
DA:138,1
DA:139,1
DA:143,16
DA:144,14
DA:145,2
DA:146,2
DA:148,15
DA:149,1
DA:150,1
DA:151,14
DA:152,1
DA:153,1
DA:154,13
DA:155,1
DA:156,1
DA:157,12
DA:158,1
DA:159,1
DA:160,11
DA:161,1
DA:162,1
DA:163,10
DA:164,1
DA:165,1
DA:166,9
DA:167,1
DA:168,1
DA:169,8
DA:170,1
DA:171,1
DA:172,7
DA:173,1
DA:174,1
DA:175,6
DA:176,1
DA:177,1
DA:178,5
DA:179,1
DA:180,1
DA:185,3
DA:190,162
DA:191,180
DA:192,18
DA:193,18
DA:194,144
DA:197,50
DA:198,58
DA:199,14
DA:200,6
DA:201,6
DA:203,44
DA:206,34
DA:207,40
DA:208,10
DA:209,4
DA:210,4
DA:212,30
DA:215,96
DA:216,115
DA:217,19
DA:218,11
DA:219,11
DA:220,8
DA:221,8
DA:224,77
DA:227,98
DA:228,109
DA:229,21
DA:230,10
DA:231,10
DA:233,88
DA:236,18
DA:237,34
DA:238,16
DA:239,16
DA:240,2
DA:241,2
DA:242,10
DA:243,8
DA:244,13
DA:245,5
DA:246,5
DA:248,2
DA:252,20
DA:253,20
DA:254,21
DA:255,1
DA:256,1
DA:257,21
DA:258,2
DA:259,2
DA:260,21
DA:261,2
DA:262,2
DA:263,19
LF:155
LH:155
end_of_record
TN:
SF:internal\http\middleware\logging.go
DA:57,12
DA:58,31
DA:59,19
DA:60,36
DA:61,17
DA:62,17
DA:63,19
DA:64,19
DA:65,19
DA:83,4
DA:84,10
DA:85,6
DA:86,6
DA:87,6
DA:88,6
DA:89,6
DA:90,6
DA:91,7
DA:92,1
DA:93,1
DA:94,1
DA:96,6
DA:97,6
DA:98,6
DA:99,6
DA:100,6
DA:101,6
DA:102,6
DA:103,6
DA:104,6
DA:105,6
DA:106,6
DA:107,6
DA:108,6
DA:109,6
DA:110,6
DA:111,6
DA:112,6
DA:113,6
DA:114,6
DA:115,6
DA:116,6
DA:117,6
DA:118,6
DA:119,6
DA:120,6
DA:121,6
DA:122,6
DA:123,6
DA:124,6
DA:125,6
DA:127,1
DA:128,1
DA:129,1
DA:130,1
DA:131,1
DA:132,1
DA:133,3
DA:134,3
DA:148,7
DA:149,18
DA:150,22
DA:151,13
DA:152,2
DA:153,2
DA:154,2
DA:155,2
DA:156,2
DA:157,2
DA:158,2
DA:159,2
DA:160,3
DA:161,1
DA:162,1
DA:163,1
DA:164,1
DA:165,1
DA:166,1
DA:167,1
DA:168,1
DA:169,1
DA:170,1
DA:173,11
DA:182,8
DA:183,10
DA:184,4
DA:185,2
DA:186,2
DA:188,6
DA:189,6
DA:194,18
DA:195,29
DA:196,11
DA:197,11
DA:198,7
DA:205,9
DA:206,17
DA:207,8
DA:208,8
DA:209,1
LF:100
LH:100
end_of_record
TN:
SF:internal\http\middleware\security.go
DA:69,10
DA:70,10
DA:71,17
DA:72,7
DA:73,7
DA:74,23
DA:75,13
DA:76,13
DA:77,13
DA:78,13
DA:79,13
DA:80,13
DA:81,13
DA:82,13
DA:83,22
DA:84,9
DA:85,9
DA:86,9
DA:89,14
DA:90,1
DA:91,1
DA:92,1
DA:93,1
DA:96,15
DA:97,2
DA:98,2
DA:99,2
DA:102,24
DA:103,11
DA:104,11
DA:105,11
DA:106,20
DA:107,9
DA:108,12
DA:109,1
DA:110,1
DA:113,13
DA:119,6
DA:120,8
DA:121,2
DA:122,2
DA:123,4
DA:128,10
DA:132,10
DA:133,11
DA:134,1
DA:135,1
DA:136,9
DA:137,11
DA:138,2
DA:139,2
DA:140,9
DA:141,9
DA:142,37
DA:143,28
DA:144,28
DA:145,28
DA:146,28
DA:147,11
DA:148,2
DA:149,2
DA:150,2
DA:151,9
LF:63
LH:63
end_of_record
TN:
SF:internal\search\index.go
DA:49,14
DA:50,14
DA:51,14
DA:52,14
DA:53,14
DA:54,14
DA:55,14
DA:57,12
DA:58,24
DA:59,23
DA:60,11
DA:61,11
DA:65,4
DA:66,8
DA:67,4
DA:68,12
DA:69,8
DA:70,15
DA:71,7
DA:72,7
DA:74,7
DA:75,3
DA:76,3
DA:80,3
DA:81,6
DA:82,5
DA:83,2
DA:84,2
DA:104,2
DA:105,2
DA:106,3
DA:107,1
DA:108,1
DA:109,1
DA:114,3
DA:115,3
DA:116,5
DA:117,2
DA:118,2
DA:119,3
DA:120,4
DA:121,1
DA:122,1
DA:123,2
DA:124,2
DA:128,8
DA:129,8
DA:130,19
DA:131,11
DA:132,11
DA:133,8
DA:136,10
DA:137,10
DA:138,10
DA:139,35
DA:140,25
DA:141,29
DA:142,4
DA:144,22
DA:145,1
DA:147,20
DA:148,22
DA:149,2
DA:151,18
DA:152,18
DA:153,19
DA:154,1
DA:157,10
DA:161,9
DA:162,11
DA:163,2
DA:164,2
DA:165,8
DA:166,1
DA:167,1
DA:168,7
DA:169,1
DA:170,1
DA:171,6
DA:172,6
DA:173,0
DA:174,0
DA:175,6
DA:176,6
DA:177,6
DA:178,6
DA:179,6
DA:180,6
DA:181,6
DA:182,6
DA:183,6
DA:184,19
DA:185,13
DA:186,17
DA:187,4
DA:189,9
DA:190,10
DA:191,1
DA:193,8
DA:194,8
DA:195,0
DA:197,8
DA:198,8
DA:199,8
DA:200,8
DA:201,8
DA:203,8
DA:204,2
DA:205,2
DA:207,9
DA:208,7
DA:209,2
DA:210,2
DA:211,5
DA:212,2
DA:213,2
DA:214,1
DA:217,7
DA:218,3
DA:219,3
DA:220,4
DA:221,12
DA:222,8
DA:223,8
DA:224,4
DA:232,31
DA:233,31
DA:234,31
DA:235,32
DA:236,1
DA:237,1
DA:238,30
DA:239,97
DA:240,67
DA:241,0
DA:243,83
DA:244,22
DA:245,6
DA:248,61
DA:250,30
DA:253,18
DA:254,20
DA:255,2
DA:256,2
DA:257,16
DA:258,17
DA:259,1
DA:260,1
DA:261,41
DA:262,41
DA:263,16
DA:264,16
DA:266,16
DA:269,26
DA:270,26
DA:271,26
DA:272,26
DA:273,325
DA:274,345
DA:275,79
DA:276,33
DA:277,33
DA:278,33
DA:279,46
DA:281,253
DA:282,253
DA:284,26
DA:289,3
DA:290,3
DA:291,3
DA:292,3
DA:293,10
DA:294,14
DA:295,7
DA:296,7
DA:298,3
DA:301,8
DA:302,9
DA:303,1
DA:304,1
DA:305,7
LF:181
LH:177
end_of_record
